* [33mcommit c949c9a8d38e3adf1847e1e3b770bf936f9b1437[m[33m ([m[1;36mHEAD -> [m[1;32mmaster[m[33m)[m
[31m|[m Author: sai <sailishore0305@gmail.com>
[31m|[m Date:   Fri Apr 24 14:24:51 2020 +0100
[31m|[m 
[31m|[m     deleted the log file it doesn't belong here
[31m|[m 
* [33mcommit fa2ba97c48ac2dfc24668e250b00238007b3daae[m
[31m|[m Author: sai <sailishore0305@gmail.com>
[31m|[m Date:   Fri Apr 24 14:23:38 2020 +0100
[31m|[m 
[31m|[m     Adding the log it doesn't belong here
[31m|[m 
* [33mcommit 1ea45a23c0565e2b70fbff7ef2be2fe0c2e4d8f3[m
[31m|[m Author: sai <sailishore0305@gmail.com>
[31m|[m Date:   Fri Apr 24 13:21:23 2020 +0100
[31m|[m 
[31m|[m     commiting the two files in one go
[31m|[m 
* [33mcommit 9156c239f03f9a87850e4536f9bc16b7f559647d[m
[31m|[m Author: sai <sailishore0305@gmail.com>
[31m|[m Date:   Fri Apr 24 13:19:01 2020 +0100
[31m|[m 
[31m|[m     adding two files
[31m|[m 
* [33mcommit 4a910b13bedaf11a5a9817cf5e01e0e5532fc5bd[m
[31m|[m Author: sai <sailishore0305@gmail.com>
[31m|[m Date:   Fri Apr 24 13:09:58 2020 +0100
[31m|[m 
[31m|[m     code is pused
[31m|[m 
* [33mcommit 2d079885928e5e7bf2b31429d93384d8f862e41d[m
  Author: sai <sailishore0305@gmail.com>
  Date:   Fri Apr 24 13:04:55 2020 +0100
  
      The file uploaded to repo
